#
# There is insufficient memory for the Java Runtime Environment to continue.
# Native memory allocation (mmap) failed to map 134217728 bytes for Failed to commit area from 0x0000000081c00000 to 0x0000000089c00000 of length 134217728.
# Possible reasons:
#   The system is out of physical RAM or swap space
#   The process is running with CompressedOops enabled, and the Java Heap may be blocking the growth of the native heap
# Possible solutions:
#   Reduce memory load on the system
#   Increase physical memory or swap space
#   Check if swap backing store is full
#   Decrease Java heap size (-Xmx/-Xms)
#   Decrease number of Java threads
#   Decrease Java thread stack sizes (-Xss)
#   Set larger code cache with -XX:ReservedCodeCacheSize=
# This output file may be truncated or incomplete.
#
#  Out of Memory Error (./src/hotspot/os/windows/os_windows.cpp:3301), pid=7160, tid=8568
#
# JRE version:  (11.0.11+9) (build )
# Java VM: OpenJDK 64-Bit Server VM (11.0.11+9-b60-7590822, mixed mode, sharing, tiered, compressed oops, g1 gc, windows-amd64)
# No core dump will be written. Minidumps are not enabled by default on client versions of Windows
#

---------------  S U M M A R Y ------------

Command Line: org.jetbrains.kotlin.cli.jvm.K2JVMCompiler @D:\rn-users-management\rn_users_management\node_modules\react-native-screens\android\build\20220301_1280440969695647631.compiler.options

Host: Intel(R) Core(TM) i5-3340M CPU @ 2.70GHz, 4 cores, 7G,  Windows 10 , 64 bit Build 19041 (10.0.19041.1503)
Time: Tue Mar  1 23:06:35 2022 Pakistan Standard Time elapsed time: 0.015111 seconds (0d 0h 0m 0s)

---------------  T H R E A D  ---------------

Current thread (0x000002138c9ec000):  JavaThread "Unknown thread" [_thread_in_vm, id=8568, stack(0x000000c436a00000,0x000000c436b00000)]

Stack: [0x000000c436a00000,0x000000c436b00000]
Native frames: (J=compiled Java code, j=interpreted, Vv=VM code, C=native code)
V  [jvm.dll+0x5f214a]
V  [jvm.dll+0x726fb5]
V  [jvm.dll+0x7285cd]
V  [jvm.dll+0x728c83]
V  [jvm.dll+0x243278]
V  [jvm.dll+0x5ef544]
V  [jvm.dll+0x5e4495]
V  [jvm.dll+0x2fec5b]
V  [jvm.dll+0x2febca]
V  [jvm.dll+0x2feaa2]
V  [jvm.dll+0x303986]
V  [jvm.dll+0x34c3a3]
V  [jvm.dll+0x34caa6]
V  [jvm.dll+0x34c4a3]
V  [jvm.dll+0x2d9688]
V  [jvm.dll+0x2da837]
V  [jvm.dll+0x705ba7]
V  [jvm.dll+0x70739c]
V  [jvm.dll+0x3598f9]
V  [jvm.dll+0x6e931e]
V  [jvm.dll+0x3c1c43]
V  [jvm.dll+0x3c3e81]
C  [jli.dll+0x5373]
C  [ucrtbase.dll+0x21bb2]
C  [KERNEL32.DLL+0x17034]
C  [ntdll.dll+0x52651]


---------------  P R O C E S S  ---------------

Threads class SMR info:
_java_thread_list=0x000002138c9158e0, length=0, elements={
}

Java Threads: ( => current thread )

Other Threads:
  0x000002138ca65000 GCTaskThread "GC Thread#0" [stack: 0x000000c436b00000,0x000000c436c00000] [id=3760]
  0x000002138ca95000 ConcurrentGCThread "G1 Main Marker" [stack: 0x000000c436c00000,0x000000c436d00000] [id=5584]
  0x000002138ca96800 ConcurrentGCThread "G1 Conc#0" [stack: 0x000000c436d00000,0x000000c436e00000] [id=12144]

[error occurred during error reporting (printing all threads), id 0xc0000005, EXCEPTION_ACCESS_VIOLATION (0xc0000005) at pc=0x00007ffe134d9c47]

VM state:not at safepoint (not fully initialized)

VM Mutex/Monitor currently owned by a thread:  ([mutex/lock_event])
[0x000002138ca4e9a0] Heap_lock - owner thread: 0x000002138c9ec000

Heap address: 0x0000000081c00000, size: 2020 MB, Compressed Oops mode: Non-zero based: 0x0000000081c00000
Narrow klass base: 0x0000000000000000, Narrow klass shift: 0

GC Heap History (0 events):
No events

Deoptimization events (0 events):
No events

Classes redefined (0 events):
No events

Internal exceptions (0 events):
No events

Events (1 events):
Event: 0.010 Loaded shared library D:\Insalled Softwares\Android Studio\jre\bin\zip.dll


Dynamic libraries:
0x00007ff777390000 - 0x00007ff77739a000 	D:\Insalled Softwares\Android Studio\jre\bin\java.exe
0x00007ffe54670000 - 0x00007ffe54865000 	C:\WINDOWS\SYSTEM32\ntdll.dll
0x00007ffe53ed0000 - 0x00007ffe53f8e000 	C:\WINDOWS\System32\KERNEL32.DLL
0x00007ffe523f0000 - 0x00007ffe526b8000 	C:\WINDOWS\System32\KERNELBASE.dll
0x00007ffe52080000 - 0x00007ffe52180000 	C:\WINDOWS\System32\ucrtbase.dll
0x00007ffe49700000 - 0x00007ffe49717000 	D:\Insalled Softwares\Android Studio\jre\bin\VCRUNTIME140.dll
0x00007ffe332a0000 - 0x00007ffe332b9000 	D:\Insalled Softwares\Android Studio\jre\bin\jli.dll
0x00007ffe53b80000 - 0x00007ffe53d20000 	C:\WINDOWS\System32\USER32.dll
0x00007ffe51ea0000 - 0x00007ffe51ec2000 	C:\WINDOWS\System32\win32u.dll
0x00007ffe533d0000 - 0x00007ffe533fb000 	C:\WINDOWS\System32\GDI32.dll
0x00007ffe3ece0000 - 0x00007ffe3ef7a000 	C:\WINDOWS\WinSxS\amd64_microsoft.windows.common-controls_6595b64144ccf1df_6.0.19041.1110_none_60b5254171f9507e\COMCTL32.dll
0x00007ffe52250000 - 0x00007ffe5235d000 	C:\WINDOWS\System32\gdi32full.dll
0x00007ffe53980000 - 0x00007ffe53a1e000 	C:\WINDOWS\System32\msvcrt.dll
0x00007ffe521b0000 - 0x00007ffe5224d000 	C:\WINDOWS\System32\msvcp_win.dll
0x00007ffe54520000 - 0x00007ffe54550000 	C:\WINDOWS\System32\IMM32.DLL
0x00007ffe1b540000 - 0x00007ffe1b5dd000 	D:\Insalled Softwares\Android Studio\jre\bin\msvcp140.dll
0x00007ffe131f0000 - 0x00007ffe13cc5000 	D:\Insalled Softwares\Android Studio\jre\bin\server\jvm.dll
0x00007ffe535d0000 - 0x00007ffe5367e000 	C:\WINDOWS\System32\ADVAPI32.dll
0x00007ffe53530000 - 0x00007ffe535cc000 	C:\WINDOWS\System32\sechost.dll
0x00007ffe53d20000 - 0x00007ffe53e45000 	C:\WINDOWS\System32\RPCRT4.dll
0x00007ffe53a20000 - 0x00007ffe53a28000 	C:\WINDOWS\System32\PSAPI.DLL
0x00007ffe49540000 - 0x00007ffe49549000 	C:\WINDOWS\SYSTEM32\WSOCK32.dll
0x00007ffe40660000 - 0x00007ffe40687000 	C:\WINDOWS\SYSTEM32\WINMM.dll
0x00007ffe53a90000 - 0x00007ffe53afb000 	C:\WINDOWS\System32\WS2_32.dll
0x00007ffe40410000 - 0x00007ffe4041a000 	C:\WINDOWS\SYSTEM32\VERSION.dll
0x00007ffe50830000 - 0x00007ffe50842000 	C:\WINDOWS\SYSTEM32\kernel.appcore.dll
0x00007ffe494e0000 - 0x00007ffe494f1000 	D:\Insalled Softwares\Android Studio\jre\bin\verify.dll
0x00007ffe47920000 - 0x00007ffe47b04000 	C:\WINDOWS\SYSTEM32\DBGHELP.DLL
0x00007ffe3e220000 - 0x00007ffe3e24c000 	C:\WINDOWS\SYSTEM32\dbgcore.DLL
0x00007ffe52360000 - 0x00007ffe523e2000 	C:\WINDOWS\System32\bcryptPrimitives.dll
0x00007ffe32460000 - 0x00007ffe32489000 	D:\Insalled Softwares\Android Studio\jre\bin\java.dll
0x00007ffe49530000 - 0x00007ffe4953b000 	D:\Insalled Softwares\Android Studio\jre\bin\jimage.dll
0x00007ffe49300000 - 0x00007ffe49318000 	D:\Insalled Softwares\Android Studio\jre\bin\zip.dll

dbghelp: loaded successfully - version: 4.0.5 - missing functions: none
symbol engine: initialized successfully - sym options: 0x614 - pdb path: .;D:\Insalled Softwares\Android Studio\jre\bin;C:\WINDOWS\SYSTEM32;C:\WINDOWS\WinSxS\amd64_microsoft.windows.common-controls_6595b64144ccf1df_6.0.19041.1110_none_60b5254171f9507e;D:\Insalled Softwares\Android Studio\jre\bin\server

VM Arguments:
java_command: org.jetbrains.kotlin.cli.jvm.K2JVMCompiler @D:\rn-users-management\rn_users_management\node_modules\react-native-screens\android\build\20220301_1280440969695647631.compiler.options
java_class_path (initial): C:\Users\Aaqib\.gradle\caches\modules-2\files-2.1\org.jetbrains.kotlin\kotlin-compiler-embeddable\1.4.10\38c4b99d5d5362debdd9302a866730379aa2328a\kotlin-compiler-embeddable-1.4.10.jar;C:\Users\Aaqib\.gradle\caches\modules-2\files-2.1\org.jetbrains.kotlin\kotlin-reflect\1.4.10\e2b3c6695eee6085e606d96d685396dce23a3a06\kotlin-reflect-1.4.10.jar;C:\Users\Aaqib\.gradle\caches\modules-2\files-2.1\org.jetbrains.kotlin\kotlin-stdlib\1.4.10\ea29e063d2bbe695be13e9d044dcfb0c7add398e\kotlin-stdlib-1.4.10.jar;C:\Users\Aaqib\.gradle\caches\modules-2\files-2.1\org.jetbrains.kotlin\kotlin-script-runtime\1.4.10\7c19d9c2001e016cd7664cebe9eea66fc04a7f4f\kotlin-script-runtime-1.4.10.jar;C:\Users\Aaqib\.gradle\caches\modules-2\files-2.1\org.jetbrains.kotlin\kotlin-daemon-embeddable\1.4.10\dbd67f42bed28043d17d7c860b06110a00a45970\kotlin-daemon-embeddable-1.4.10.jar;C:\Users\Aaqib\.gradle\caches\modules-2\files-2.1\org.jetbrains.intellij.deps\trove4j\1.0.20181211\216c2e14b070f334479d800987affe4054cd563f\trove4j-1.0.20181211.jar;C:\Users\Aaqib\.gradle\caches\modules-2\files-2.1\org.jetbrains.kotlin\kotlin-stdlib-common\1.4.10\6229be3465805c99db1142ad75e6c6ddeac0b04c\kotlin-stdlib-common-1.4.10.jar;C:\Users\Aaqib\.gradle\caches\modules-2\files-2.1\org.jetbrains\annotations\13.0\919f0dfe192fb4e063e7dacadee7f8bb9a2672a9\annotations-13.0.jar
Launcher Type: SUN_STANDARD

[Global flags]
     intx CICompilerCount                          = 3                                         {product} {ergonomic}
     uint ConcGCThreads                            = 1                                         {product} {ergonomic}
     uint G1ConcRefinementThreads                  = 4                                         {product} {ergonomic}
   size_t G1HeapRegionSize                         = 1048576                                   {product} {ergonomic}
    uintx GCDrainStackTargetSize                   = 64                                        {product} {ergonomic}
   size_t InitialHeapSize                          = 134217728                                 {product} {ergonomic}
   size_t MarkStackSize                            = 4194304                                   {product} {ergonomic}
   size_t MaxHeapSize                              = 2118123520                                {product} {ergonomic}
   size_t MinHeapDeltaBytes                        = 1048576                                   {product} {ergonomic}
    uintx NonNMethodCodeHeapSize                   = 5830732                                {pd product} {ergonomic}
    uintx NonProfiledCodeHeapSize                  = 122913754                              {pd product} {ergonomic}
    uintx ProfiledCodeHeapSize                     = 122913754                              {pd product} {ergonomic}
    uintx ReservedCodeCacheSize                    = 251658240                              {pd product} {ergonomic}
     bool SegmentedCodeCache                       = true                                      {product} {ergonomic}
     bool UseCompressedClassPointers               = true                                 {lp64_product} {ergonomic}
     bool UseCompressedOops                        = true                                 {lp64_product} {ergonomic}
     bool UseG1GC                                  = true                                      {product} {ergonomic}
     bool UseLargePagesIndividualAllocation        = false                                  {pd product} {ergonomic}

Logging:
Log output configuration:
 #0: stdout all=warning uptime,level,tags
 #1: stderr all=off uptime,level,tags

Environment Variables:
JAVA_HOME=C:\Program Files\OpenJDK\openjdk-11.0.13_8
PATH=C:\Users\Aaqib\AppData\Local\Programs\Python\Python39\Scripts\;C:\Users\Aaqib\AppData\Local\Programs\Python\Python39\;C:\Python39\Scripts\;C:\Python39\;C:\WINDOWS\system32;C:\WINDOWS;C:\WINDOWS\System32\Wbem;C:\WINDOWS\System32\WindowsPowerShell\v1.0\;C:\Program Files (x86)\Microsoft SQL Server\100\Tools\Binn\;C:\Program Files\Microsoft SQL Server\100\Tools\Binn\;C:\Program Files\Microsoft SQL Server\100\DTS\Binn\;C:\WINDOWS\System32\OpenSSH\;C:\Python\Python38\;C:\Program Files\Git\cmd;C:\Program Files\Git\bin\;C:\ProgramData\chocolatey\bin;C:\Program Files\OpenJDK\openjdk-8u292-b10\bin;C:\Program Files\Microsoft SQL Server\Client SDK\ODBC\110\Tools\Binn\;C:\Program Files (x86)\Microsoft SQL Server\120\Tools\Binn\;C:\Program Files\Microsoft SQL Server\120\Tools\Binn\;C:\Program Files\Microsoft SQL Server\120\DTS\Binn\;C:\Users\Aaqib\AppData\Roaming\npm;C:\Program Files\nodejs\;C:\Program Files\OpenJDK\openjdk-11.0.13_8\bin;C:\Users\Aaqib\AppData\Local\Programs\Python\Python39\Scripts\;C:\Users\Aaqib\AppData\Local\Programs\Python\Python39\;C:\Python39\Scripts\;C:\Python39\;C:\WINDOWS\system32;C:\WINDOWS;C:\WINDOWS\System32\Wbem;C:\WINDOWS\System32\WindowsPowerShell\v1.0\;C:\Program Files (x86)\Microsoft SQL Server\100\Tools\Binn\;C:\Program Files\Microsoft SQL Server\100\Tools\Binn\;C:\Program Files\Microsoft SQL Server\100\DTS\Binn\;C:\WINDOWS\System32\OpenSSH\;C:\Python\Python38\;C:\Program Files\Git\cmd;C:\Program Files\Git\bin\;C:\ProgramData\chocolatey\bin;C:\Program Files\OpenJDK\openjdk-8u292-b10\bin;C:\Program Files\nodejs\;C:\Program Files\Microsoft SQL Server\Client SDK\ODBC\110\Tools\Binn\;C:\Program Files (x86)\Microsoft SQL Server\120\Tools\Binn\;C:\Program Files\Microsoft SQL Server\120\Tools\Binn\;C:\Program Files\Microsoft SQL Server\120\DTS\Binn\;C:\Users\Aaqib\AppData\Roaming\Microsoft\Windows\Start Menu\Programs\Python 3.8;C:\Users\Aaqib\AppData\Local\Programs\Microsoft VS Code\bin;D:\MongoDB\mongosh\;C:\Pytho;C:\Users\Aaqib\AppData\Roaming\npm;
USERNAME=Aaqib
OS=Windows_NT
PROCESSOR_IDENTIFIER=Intel64 Family 6 Model 58 Stepping 9, GenuineIntel



---------------  S Y S T E M  ---------------

OS: Windows 10 , 64 bit Build 19041 (10.0.19041.1503)
OS uptime: 0 days 17:12 hours
Hyper-V role detected

CPU:total 4 (initial active 4) (2 cores per cpu, 2 threads per core) family 6 model 58 stepping 9 microcode 0x21, cmov, cx8, fxsr, mmx, sse, sse2, sse3, ssse3, sse4.1, sse4.2, popcnt, avx, aes, clmul, erms, ht, tsc, tscinvbit, tscinv

Memory: 4k page, system-wide physical 8078M (436M free)
TotalPageFile size 12174M (AvailPageFile size 122M)
current process WorkingSet (physical memory assigned to process): 9M, peak: 9M
current process commit charge ("private bytes"): 51M, peak: 179M

vm_info: OpenJDK 64-Bit Server VM (11.0.11+9-b60-7590822) for windows-amd64 JRE (11.0.11+9-b60-7590822), built on Jul 29 2021 21:43:44 by "builder" with MS VC++ 14.0 (VS2015)

END.
